# JRE version: OpenJDK Runtime Environment (11.0.13) (build 11.0.13+0-b1751.21-8125866)
# Java VM: OpenJDK 64-Bit Server VM (11.0.13+0-b1751.21-8125866, mixed mode, tiered, compressed oops, g1 gc, windows-amd64)
Heap:
 garbage-first heap   total 210944K, used 96677K [0x0000000080000000, 0x0000000100000000)
  region size 1024K, 7 young (7168K), 7 survivors (7168K)
 Metaspace       used 96942K, capacity 99239K, committed 99280K, reserved 1134592K
  class space    used 12476K, capacity 13349K, committed 13388K, reserved 1048576K
GC Heap History (20 events):
Event: 13.353 GC heap after
{Heap after GC invocations=21 (full 0):
 garbage-first heap   total 145408K, used 67231K [0x0000000080000000, 0x0000000100000000)
  region size 1024K, 7 young (7168K), 7 survivors (7168K)
 Metaspace       used 74045K, capacity 75666K, committed 75856K, reserved 1116160K
  class space    used 9490K, capacity 10096K, committed 10188K, reserved 1048576K
}
Event: 13.952 GC heap before
{Heap before GC invocations=21 (full 0):
 garbage-first heap   total 145408K, used 111263K [0x0000000080000000, 0x0000000100000000)
  region size 1024K, 50 young (51200K), 7 survivors (7168K)
 Metaspace       used 77612K, capacity 79302K, committed 79440K, reserved 1118208K
  class space    used 9985K, capacity 10627K, committed 10700K, reserved 1048576K
}
Event: 13.959 GC heap after
{Heap after GC invocations=22 (full 0):
 garbage-first heap   total 145408K, used 70122K [0x0000000080000000, 0x0000000100000000)
  region size 1024K, 6 young (6144K), 6 survivors (6144K)
 Metaspace       used 77612K, capacity 79302K, committed 79440K, reserved 1118208K
  class space    used 9985K, capacity 10627K, committed 10700K, reserved 1048576K
}
Event: 14.602 GC heap before
{Heap before GC invocations=22 (full 0):
 garbage-first heap   total 145408K, used 114154K [0x0000000080000000, 0x0000000100000000)
  region size 1024K, 49 young (50176K), 6 survivors (6144K)
 Metaspace       used 82573K, capacity 84335K, committed 84432K, reserved 1122304K
  class space    used 10656K, capacity 11311K, committed 11340K, reserved 1048576K
}
Event: 14.610 GC heap after
{Heap after GC invocations=23 (full 0):
 garbage-first heap   total 145408K, used 72789K [0x0000000080000000, 0x0000000100000000)
  region size 1024K, 6 young (6144K), 6 survivors (6144K)
 Metaspace       used 82573K, capacity 84335K, committed 84432K, reserved 1122304K
  class space    used 10656K, capacity 11311K, committed 11340K, reserved 1048576K
}
Event: 15.144 GC heap before
{Heap before GC invocations=23 (full 0):
 garbage-first heap   total 145408K, used 115797K [0x0000000080000000, 0x0000000100000000)
  region size 1024K, 48 young (49152K), 6 survivors (6144K)
 Metaspace       used 85745K, capacity 87771K, committed 87888K, reserved 1126400K
  class space    used 11150K, capacity 11916K, committed 11980K, reserved 1048576K
}
Event: 15.154 GC heap after
{Heap after GC invocations=24 (full 0):
 garbage-first heap   total 145408K, used 75862K [0x0000000080000000, 0x0000000100000000)
  region size 1024K, 6 young (6144K), 6 survivors (6144K)
 Metaspace       used 85745K, capacity 87771K, committed 87888K, reserved 1126400K
  class space    used 11150K, capacity 11916K, committed 11980K, reserved 1048576K
}
Event: 15.959 GC heap before
{Heap before GC invocations=25 (full 0):
 garbage-first heap   total 145408K, used 116822K [0x0000000080000000, 0x0000000100000000)
  region size 1024K, 47 young (48128K), 6 survivors (6144K)
 Metaspace       used 87126K, capacity 89233K, committed 89296K, reserved 1126400K
  class space    used 11314K, capacity 12104K, committed 12108K, reserved 1048576K
}
Event: 15.971 GC heap after
{Heap after GC invocations=26 (full 0):
 garbage-first heap   total 175104K, used 79419K [0x0000000080000000, 0x0000000100000000)
  region size 1024K, 4 young (4096K), 4 survivors (4096K)
 Metaspace       used 87126K, capacity 89233K, committed 89296K, reserved 1126400K
  class space    used 11314K, capacity 12104K, committed 12108K, reserved 1048576K
}
Event: 16.653 GC heap before
{Heap before GC invocations=26 (full 0):
 garbage-first heap   total 175104K, used 131643K [0x0000000080000000, 0x0000000100000000)
  region size 1024K, 56 young (57344K), 4 survivors (4096K)
 Metaspace       used 87810K, capacity 89928K, committed 90192K, reserved 1128448K
  class space    used 11360K, capacity 12159K, committed 12236K, reserved 1048576K
}
Event: 16.658 GC heap after
{Heap after GC invocations=27 (full 0):
 garbage-first heap   total 175104K, used 82447K [0x0000000080000000, 0x0000000100000000)
  region size 1024K, 7 young (7168K), 7 survivors (7168K)
 Metaspace       used 87810K, capacity 89928K, committed 90192K, reserved 1128448K
  class space    used 11360K, capacity 12159K, committed 12236K, reserved 1048576K
}
Event: 17.419 GC heap before
{Heap before GC invocations=27 (full 0):
 garbage-first heap   total 175104K, used 134671K [0x0000000080000000, 0x0000000100000000)
  region size 1024K, 59 young (60416K), 7 survivors (7168K)
 Metaspace       used 88605K, capacity 90704K, committed 90832K, reserved 1128448K
  class space    used 11440K, capacity 12268K, committed 12364K, reserved 1048576K
}
Event: 17.429 GC heap after
{Heap after GC invocations=28 (full 0):
 garbage-first heap   total 175104K, used 85934K [0x0000000080000000, 0x0000000100000000)
  region size 1024K, 8 young (8192K), 8 survivors (8192K)
 Metaspace       used 88605K, capacity 90704K, committed 90832K, reserved 1128448K
  class space    used 11440K, capacity 12268K, committed 12364K, reserved 1048576K
}
Event: 17.859 GC heap before
{Heap before GC invocations=28 (full 0):
 garbage-first heap   total 175104K, used 138158K [0x0000000080000000, 0x0000000100000000)
  region size 1024K, 59 young (60416K), 8 survivors (8192K)
 Metaspace       used 92485K, capacity 94576K, committed 94928K, reserved 1132544K
  class space    used 11938K, capacity 12748K, committed 12876K, reserved 1048576K
}
Event: 17.867 GC heap after
{Heap after GC invocations=29 (full 0):
 garbage-first heap   total 175104K, used 87604K [0x0000000080000000, 0x0000000100000000)
  region size 1024K, 6 young (6144K), 6 survivors (6144K)
 Metaspace       used 92485K, capacity 94576K, committed 94928K, reserved 1132544K
  class space    used 11938K, capacity 12748K, committed 12876K, reserved 1048576K
}
Event: 19.148 GC heap before
{Heap before GC invocations=30 (full 0):
 garbage-first heap   total 175104K, used 139828K [0x0000000080000000, 0x0000000100000000)
  region size 1024K, 57 young (58368K), 6 survivors (6144K)
 Metaspace       used 95439K, capacity 97629K, committed 97872K, reserved 1134592K
  class space    used 12292K, capacity 13118K, committed 13260K, reserved 1048576K
}
Event: 19.155 GC heap after
{Heap after GC invocations=31 (full 0):
 garbage-first heap   total 175104K, used 90372K [0x0000000080000000, 0x0000000100000000)
  region size 1024K, 5 young (5120K), 5 survivors (5120K)
 Metaspace       used 95439K, capacity 97629K, committed 97872K, reserved 1134592K
  class space    used 12292K, capacity 13118K, committed 13260K, reserved 1048576K
}
Event: 19.738 GC heap before
{Heap before GC invocations=31 (full 0):
 garbage-first heap   total 175104K, used 141572K [0x0000000080000000, 0x0000000100000000)
  region size 1024K, 56 young (57344K), 5 survivors (5120K)
 Metaspace       used 95804K, capacity 97944K, committed 98128K, reserved 1134592K
  class space    used 12344K, capacity 13171K, committed 13260K, reserved 1048576K
}
Event: 19.747 GC heap after
{Heap after GC invocations=32 (full 0):
 garbage-first heap   total 175104K, used 93277K [0x0000000080000000, 0x0000000100000000)
  region size 1024K, 6 young (6144K), 6 survivors (6144K)
 Metaspace       used 95804K, capacity 97944K, committed 98128K, reserved 1134592K
  class space    used 12344K, capacity 13171K, committed 13260K, reserved 1048576K
}
Event: 48.306 GC heap before
{Heap before GC invocations=33 (full 0):
 garbage-first heap   total 175104K, used 143453K [0x0000000080000000, 0x0000000100000000)
  region size 1024K, 56 young (57344K), 6 survivors (6144K)
 Metaspace       used 96942K, capacity 99239K, committed 99280K, reserved 1134592K
  class space    used 12476K, capacity 13349K, committed 13388K, reserved 1048576K
}

