# JRE version: OpenJDK Runtime Environment (11.0.13) (build 11.0.13+0-b1751.21-8125866)
# Java VM: OpenJDK 64-Bit Server VM (11.0.13+0-b1751.21-8125866, mixed mode, tiered, compressed oops, g1 gc, windows-amd64)
Heap:
 garbage-first heap   total 147456K, used 64597K [0x0000000080000000, 0x0000000100000000)
  region size 1024K, 38 young (38912K), 4 survivors (4096K)
 Metaspace       used 47733K, capacity 49010K, committed 49276K, reserved 1091584K
  class space    used 6064K, capacity 6532K, committed 6604K, reserved 1048576K
GC Heap History (18 events):
Event: 1.185 GC heap before
{Heap before GC invocations=0 (full 0):
 garbage-first heap   total 120832K, used 27648K [0x0000000080000000, 0x0000000100000000)
  region size 1024K, 22 young (22528K), 0 survivors (0K)
 Metaspace       used 9906K, capacity 10230K, committed 10368K, reserved 1058816K
  class space    used 997K, capacity 1075K, committed 1152K, reserved 1048576K
}
Event: 1.208 GC heap after
{Heap after GC invocations=1 (full 0):
 garbage-first heap   total 120832K, used 9446K [0x0000000080000000, 0x0000000100000000)
  region size 1024K, 3 young (3072K), 3 survivors (3072K)
 Metaspace       used 9906K, capacity 10230K, committed 10368K, reserved 1058816K
  class space    used 997K, capacity 1075K, committed 1152K, reserved 1048576K
}
Event: 1.877 GC heap before
{Heap before GC invocations=1 (full 0):
 garbage-first heap   total 120832K, used 28902K [0x0000000080000000, 0x0000000100000000)
  region size 1024K, 22 young (22528K), 3 survivors (3072K)
 Metaspace       used 11132K, capacity 11382K, committed 11520K, reserved 1058816K
  class space    used 1153K, capacity 1246K, committed 1280K, reserved 1048576K
}
Event: 1.881 GC heap after
{Heap after GC invocations=2 (full 0):
 garbage-first heap   total 120832K, used 10423K [0x0000000080000000, 0x0000000100000000)
  region size 1024K, 1 young (1024K), 1 survivors (1024K)
 Metaspace       used 11132K, capacity 11382K, committed 11520K, reserved 1058816K
  class space    used 1153K, capacity 1246K, committed 1280K, reserved 1048576K
}
Event: 3.682 GC heap before
{Heap before GC invocations=2 (full 0):
 garbage-first heap   total 120832K, used 58551K [0x0000000080000000, 0x0000000100000000)
  region size 1024K, 47 young (48128K), 1 survivors (1024K)
 Metaspace       used 16026K, capacity 16385K, committed 16640K, reserved 1064960K
  class space    used 1807K, capacity 1935K, committed 2048K, reserved 1048576K
}
Event: 3.722 GC heap after
{Heap after GC invocations=3 (full 0):
 garbage-first heap   total 120832K, used 16417K [0x0000000080000000, 0x0000000100000000)
  region size 1024K, 6 young (6144K), 6 survivors (6144K)
 Metaspace       used 16026K, capacity 16385K, committed 16640K, reserved 1064960K
  class space    used 1807K, capacity 1935K, committed 2048K, reserved 1048576K
}
Event: 4.834 GC heap before
{Heap before GC invocations=3 (full 0):
 garbage-first heap   total 120832K, used 56353K [0x0000000080000000, 0x0000000100000000)
  region size 1024K, 46 young (47104K), 6 survivors (6144K)
 Metaspace       used 20769K, capacity 21187K, committed 21296K, reserved 1069056K
  class space    used 2527K, capacity 2686K, committed 2688K, reserved 1048576K
}
Event: 4.841 GC heap after
{Heap after GC invocations=4 (full 0):
 garbage-first heap   total 120832K, used 17744K [0x0000000080000000, 0x0000000100000000)
  region size 1024K, 2 young (2048K), 2 survivors (2048K)
 Metaspace       used 20769K, capacity 21187K, committed 21296K, reserved 1069056K
  class space    used 2527K, capacity 2686K, committed 2688K, reserved 1048576K
}
Event: 5.446 GC heap before
{Heap before GC invocations=5 (full 0):
 garbage-first heap   total 120832K, used 67920K [0x0000000080000000, 0x0000000100000000)
  region size 1024K, 51 young (52224K), 2 survivors (2048K)
 Metaspace       used 26088K, capacity 26691K, committed 26876K, reserved 1073152K
  class space    used 3384K, capacity 3595K, committed 3660K, reserved 1048576K
}
Event: 5.449 GC heap after
{Heap after GC invocations=6 (full 0):
 garbage-first heap   total 120832K, used 19465K [0x0000000080000000, 0x0000000100000000)
  region size 1024K, 4 young (4096K), 4 survivors (4096K)
 Metaspace       used 26088K, capacity 26691K, committed 26876K, reserved 1073152K
  class space    used 3384K, capacity 3595K, committed 3660K, reserved 1048576K
}
Event: 6.003 GC heap before
{Heap before GC invocations=6 (full 0):
 garbage-first heap   total 120832K, used 73737K [0x0000000080000000, 0x0000000100000000)
  region size 1024K, 57 young (58368K), 4 survivors (4096K)
 Metaspace       used 31372K, capacity 32087K, committed 32252K, reserved 1077248K
  class space    used 4156K, capacity 4416K, committed 4428K, reserved 1048576K
}
Event: 6.007 GC heap after
{Heap after GC invocations=7 (full 0):
 garbage-first heap   total 120832K, used 21421K [0x0000000080000000, 0x0000000100000000)
  region size 1024K, 6 young (6144K), 6 survivors (6144K)
 Metaspace       used 31372K, capacity 32087K, committed 32252K, reserved 1077248K
  class space    used 4156K, capacity 4416K, committed 4428K, reserved 1048576K
}
Event: 6.352 GC heap before
{Heap before GC invocations=7 (full 0):
 garbage-first heap   total 120832K, used 32685K [0x0000000080000000, 0x0000000100000000)
  region size 1024K, 18 young (18432K), 6 survivors (6144K)
 Metaspace       used 35184K, capacity 35929K, committed 35964K, reserved 1081344K
  class space    used 4519K, capacity 4806K, committed 4812K, reserved 1048576K
}
Event: 6.361 GC heap after
{Heap after GC invocations=8 (full 0):
 garbage-first heap   total 120832K, used 23258K [0x0000000080000000, 0x0000000100000000)
  region size 1024K, 6 young (6144K), 6 survivors (6144K)
 Metaspace       used 35184K, capacity 35929K, committed 35964K, reserved 1081344K
  class space    used 4519K, capacity 4806K, committed 4812K, reserved 1048576K
}
Event: 7.032 GC heap before
{Heap before GC invocations=9 (full 0):
 garbage-first heap   total 120832K, used 85722K [0x0000000080000000, 0x0000000100000000)
  region size 1024K, 65 young (66560K), 6 survivors (6144K)
 Metaspace       used 39810K, capacity 40658K, committed 40956K, reserved 1085440K
  class space    used 5039K, capacity 5373K, committed 5452K, reserved 1048576K
}
Event: 7.043 GC heap after
{Heap after GC invocations=10 (full 0):
 garbage-first heap   total 120832K, used 28119K [0x0000000080000000, 0x0000000100000000)
  region size 1024K, 9 young (9216K), 9 survivors (9216K)
 Metaspace       used 39810K, capacity 40658K, committed 40956K, reserved 1085440K
  class space    used 5039K, capacity 5373K, committed 5452K, reserved 1048576K
}
Event: 7.732 GC heap before
{Heap before GC invocations=10 (full 0):
 garbage-first heap   total 120832K, used 87511K [0x0000000080000000, 0x0000000100000000)
  region size 1024K, 67 young (68608K), 9 survivors (9216K)
 Metaspace       used 45184K, capacity 46225K, committed 46588K, reserved 1089536K
  class space    used 5731K, capacity 6112K, committed 6220K, reserved 1048576K
}
Event: 7.741 GC heap after
{Heap after GC invocations=11 (full 0):
 garbage-first heap   total 147456K, used 30805K [0x0000000080000000, 0x0000000100000000)
  region size 1024K, 4 young (4096K), 4 survivors (4096K)
 Metaspace       used 45184K, capacity 46225K, committed 46588K, reserved 1089536K
  class space    used 5731K, capacity 6112K, committed 6220K, reserved 1048576K
}

