# JRE version: OpenJDK Runtime Environment (11.0.13) (build 11.0.13+0-b1751.21-8125866)
# Java VM: OpenJDK 64-Bit Server VM (11.0.13+0-b1751.21-8125866, mixed mode, tiered, compressed oops, g1 gc, windows-amd64)
Heap:
 garbage-first heap   total 145408K, used 92391K [0x0000000080000000, 0x0000000100000000)
  region size 1024K, 74 young (75776K), 8 survivors (8192K)
 Metaspace       used 40494K, capacity 41375K, committed 41596K, reserved 1085440K
  class space    used 5109K, capacity 5484K, committed 5580K, reserved 1048576K
GC Heap History (12 events):
Event: 0.589 GC heap before
{Heap before GC invocations=0 (full 0):
 garbage-first heap   total 120832K, used 27648K [0x0000000080000000, 0x0000000100000000)
  region size 1024K, 22 young (22528K), 0 survivors (0K)
 Metaspace       used 9929K, capacity 10230K, committed 10368K, reserved 1058816K
  class space    used 998K, capacity 1075K, committed 1152K, reserved 1048576K
}
Event: 0.594 GC heap after
{Heap after GC invocations=1 (full 0):
 garbage-first heap   total 120832K, used 9090K [0x0000000080000000, 0x0000000100000000)
  region size 1024K, 3 young (3072K), 3 survivors (3072K)
 Metaspace       used 9929K, capacity 10230K, committed 10368K, reserved 1058816K
  class space    used 998K, capacity 1075K, committed 1152K, reserved 1048576K
}
Event: 0.841 GC heap before
{Heap before GC invocations=1 (full 0):
 garbage-first heap   total 120832K, used 26498K [0x0000000080000000, 0x0000000100000000)
  region size 1024K, 20 young (20480K), 3 survivors (3072K)
 Metaspace       used 11176K, capacity 11446K, committed 11520K, reserved 1058816K
  class space    used 1153K, capacity 1246K, committed 1280K, reserved 1048576K
}
Event: 0.844 GC heap after
{Heap after GC invocations=2 (full 0):
 garbage-first heap   total 120832K, used 9763K [0x0000000080000000, 0x0000000100000000)
  region size 1024K, 1 young (1024K), 1 survivors (1024K)
 Metaspace       used 11176K, capacity 11446K, committed 11520K, reserved 1058816K
  class space    used 1153K, capacity 1246K, committed 1280K, reserved 1048576K
}
Event: 1.355 GC heap before
{Heap before GC invocations=2 (full 0):
 garbage-first heap   total 120832K, used 54819K [0x0000000080000000, 0x0000000100000000)
  region size 1024K, 45 young (46080K), 1 survivors (1024K)
 Metaspace       used 14442K, capacity 14879K, committed 15104K, reserved 1062912K
  class space    used 1625K, capacity 1752K, committed 1792K, reserved 1048576K
}
Event: 1.359 GC heap after
{Heap after GC invocations=3 (full 0):
 garbage-first heap   total 120832K, used 15176K [0x0000000080000000, 0x0000000100000000)
  region size 1024K, 6 young (6144K), 6 survivors (6144K)
 Metaspace       used 14442K, capacity 14879K, committed 15104K, reserved 1062912K
  class space    used 1625K, capacity 1752K, committed 1792K, reserved 1048576K
}
Event: 2.332 GC heap before
{Heap before GC invocations=3 (full 0):
 garbage-first heap   total 120832K, used 58184K [0x0000000080000000, 0x0000000100000000)
  region size 1024K, 50 young (51200K), 6 survivors (6144K)
 Metaspace       used 20757K, capacity 21187K, committed 21296K, reserved 1069056K
  class space    used 2526K, capacity 2686K, committed 2688K, reserved 1048576K
}
Event: 2.342 GC heap after
{Heap after GC invocations=4 (full 0):
 garbage-first heap   total 120832K, used 17383K [0x0000000080000000, 0x0000000100000000)
  region size 1024K, 3 young (3072K), 3 survivors (3072K)
 Metaspace       used 20757K, capacity 21187K, committed 21296K, reserved 1069056K
  class space    used 2526K, capacity 2686K, committed 2688K, reserved 1048576K
}
Event: 2.907 GC heap before
{Heap before GC invocations=5 (full 0):
 garbage-first heap   total 120832K, used 68583K [0x0000000080000000, 0x0000000100000000)
  region size 1024K, 53 young (54272K), 3 survivors (3072K)
 Metaspace       used 26190K, capacity 26822K, committed 26876K, reserved 1073152K
  class space    used 3404K, capacity 3639K, committed 3660K, reserved 1048576K
}
Event: 2.911 GC heap after
{Heap after GC invocations=6 (full 0):
 garbage-first heap   total 145408K, used 19210K [0x0000000080000000, 0x0000000100000000)
  region size 1024K, 4 young (4096K), 4 survivors (4096K)
 Metaspace       used 26190K, capacity 26822K, committed 26876K, reserved 1073152K
  class space    used 3404K, capacity 3639K, committed 3660K, reserved 1048576K
}
Event: 3.674 GC heap before
{Heap before GC invocations=6 (full 0):
 garbage-first heap   total 145408K, used 82698K [0x0000000080000000, 0x0000000100000000)
  region size 1024K, 67 young (68608K), 4 survivors (4096K)
 Metaspace       used 35174K, capacity 35929K, committed 35964K, reserved 1081344K
  class space    used 4515K, capacity 4806K, committed 4812K, reserved 1048576K
}
Event: 3.681 GC heap after
{Heap after GC invocations=7 (full 0):
 garbage-first heap   total 145408K, used 22759K [0x0000000080000000, 0x0000000100000000)
  region size 1024K, 8 young (8192K), 8 survivors (8192K)
 Metaspace       used 35174K, capacity 35929K, committed 35964K, reserved 1081344K
  class space    used 4515K, capacity 4806K, committed 4812K, reserved 1048576K
}

