# JRE version: OpenJDK Runtime Environment (11.0.13) (build 11.0.13+0-b1751.21-8125866)
# Java VM: OpenJDK 64-Bit Server VM (11.0.13+0-b1751.21-8125866, mixed mode, tiered, compressed oops, g1 gc, windows-amd64)
Heap:
 garbage-first heap   total 175104K, used 81253K [0x0000000080000000, 0x0000000100000000)
  region size 1024K, 25 young (25600K), 5 survivors (5120K)
 Metaspace       used 68422K, capacity 70018K, committed 70308K, reserved 1110016K
  class space    used 8592K, capacity 9206K, committed 9292K, reserved 1048576K
GC Heap History (20 events):
Event: 2.375 GC heap before
{Heap before GC invocations=3 (full 0):
 garbage-first heap   total 120832K, used 53799K [0x0000000080000000, 0x0000000100000000)
  region size 1024K, 44 young (45056K), 6 survivors (6144K)
 Metaspace       used 20751K, capacity 21187K, committed 21296K, reserved 1069056K
  class space    used 2528K, capacity 2686K, committed 2688K, reserved 1048576K
}
Event: 2.381 GC heap after
{Heap after GC invocations=4 (full 0):
 garbage-first heap   total 120832K, used 17688K [0x0000000080000000, 0x0000000100000000)
  region size 1024K, 2 young (2048K), 2 survivors (2048K)
 Metaspace       used 20751K, capacity 21187K, committed 21296K, reserved 1069056K
  class space    used 2528K, capacity 2686K, committed 2688K, reserved 1048576K
}
Event: 2.915 GC heap before
{Heap before GC invocations=5 (full 0):
 garbage-first heap   total 120832K, used 67864K [0x0000000080000000, 0x0000000100000000)
  region size 1024K, 51 young (52224K), 2 survivors (2048K)
 Metaspace       used 26054K, capacity 26691K, committed 26876K, reserved 1073152K
  class space    used 3386K, capacity 3595K, committed 3660K, reserved 1048576K
}
Event: 2.920 GC heap after
{Heap after GC invocations=6 (full 0):
 garbage-first heap   total 120832K, used 19471K [0x0000000080000000, 0x0000000100000000)
  region size 1024K, 4 young (4096K), 4 survivors (4096K)
 Metaspace       used 26054K, capacity 26691K, committed 26876K, reserved 1073152K
  class space    used 3386K, capacity 3595K, committed 3660K, reserved 1048576K
}
Event: 3.462 GC heap before
{Heap before GC invocations=6 (full 0):
 garbage-first heap   total 120832K, used 73743K [0x0000000080000000, 0x0000000100000000)
  region size 1024K, 57 young (58368K), 4 survivors (4096K)
 Metaspace       used 31371K, capacity 32087K, committed 32252K, reserved 1077248K
  class space    used 4154K, capacity 4416K, committed 4428K, reserved 1048576K
}
Event: 3.467 GC heap after
{Heap after GC invocations=7 (full 0):
 garbage-first heap   total 145408K, used 21350K [0x0000000080000000, 0x0000000100000000)
  region size 1024K, 6 young (6144K), 6 survivors (6144K)
 Metaspace       used 31371K, capacity 32087K, committed 32252K, reserved 1077248K
  class space    used 4154K, capacity 4416K, committed 4428K, reserved 1048576K
}
Event: 3.757 GC heap before
{Heap before GC invocations=7 (full 0):
 garbage-first heap   total 145408K, used 32614K [0x0000000080000000, 0x0000000100000000)
  region size 1024K, 18 young (18432K), 6 survivors (6144K)
 Metaspace       used 35167K, capacity 35926K, committed 35964K, reserved 1081344K
  class space    used 4511K, capacity 4805K, committed 4812K, reserved 1048576K
}
Event: 3.766 GC heap after
{Heap after GC invocations=8 (full 0):
 garbage-first heap   total 145408K, used 23356K [0x0000000080000000, 0x0000000100000000)
  region size 1024K, 8 young (8192K), 8 survivors (8192K)
 Metaspace       used 35167K, capacity 35926K, committed 35964K, reserved 1081344K
  class space    used 4511K, capacity 4805K, committed 4812K, reserved 1048576K
}
Event: 4.532 GC heap before
{Heap before GC invocations=9 (full 0):
 garbage-first heap   total 145408K, used 98108K [0x0000000080000000, 0x0000000100000000)
  region size 1024K, 79 young (80896K), 8 survivors (8192K)
 Metaspace       used 40826K, capacity 41802K, committed 42108K, reserved 1085440K
  class space    used 5158K, capacity 5519K, committed 5580K, reserved 1048576K
}
Event: 4.544 GC heap after
{Heap after GC invocations=10 (full 0):
 garbage-first heap   total 145408K, used 29037K [0x0000000080000000, 0x0000000100000000)
  region size 1024K, 10 young (10240K), 10 survivors (10240K)
 Metaspace       used 40826K, capacity 41802K, committed 42108K, reserved 1085440K
  class space    used 5158K, capacity 5519K, committed 5580K, reserved 1048576K
}
Event: 5.294 GC heap before
{Heap before GC invocations=10 (full 0):
 garbage-first heap   total 145408K, used 103789K [0x0000000080000000, 0x0000000100000000)
  region size 1024K, 83 young (84992K), 10 survivors (10240K)
 Metaspace       used 47335K, capacity 48508K, committed 48636K, reserved 1091584K
  class space    used 6017K, capacity 6450K, committed 6476K, reserved 1048576K
}
Event: 5.302 GC heap after
{Heap after GC invocations=11 (full 0):
 garbage-first heap   total 145408K, used 31430K [0x0000000080000000, 0x0000000100000000)
  region size 1024K, 9 young (9216K), 9 survivors (9216K)
 Metaspace       used 47335K, capacity 48508K, committed 48636K, reserved 1091584K
  class space    used 6017K, capacity 6450K, committed 6476K, reserved 1048576K
}
Event: 6.430 GC heap before
{Heap before GC invocations=11 (full 0):
 garbage-first heap   total 145408K, used 116422K [0x0000000080000000, 0x0000000100000000)
  region size 1024K, 84 young (86016K), 9 survivors (9216K)
 Metaspace       used 51397K, capacity 52770K, committed 53116K, reserved 1095680K
  class space    used 6469K, capacity 6979K, committed 7116K, reserved 1048576K
}
Event: 6.442 GC heap after
{Heap after GC invocations=12 (full 0):
 garbage-first heap   total 175104K, used 49257K [0x0000000080000000, 0x0000000100000000)
  region size 1024K, 11 young (11264K), 11 survivors (11264K)
 Metaspace       used 51397K, capacity 52770K, committed 53116K, reserved 1095680K
  class space    used 6469K, capacity 6979K, committed 7116K, reserved 1048576K
}
Event: 7.179 GC heap before
{Heap before GC invocations=12 (full 0):
 garbage-first heap   total 175104K, used 101481K [0x0000000080000000, 0x0000000100000000)
  region size 1024K, 63 young (64512K), 11 survivors (11264K)
 Metaspace       used 58992K, capacity 60440K, committed 60580K, reserved 1101824K
  class space    used 7424K, capacity 7975K, committed 8012K, reserved 1048576K
}
Event: 7.197 GC heap after
{Heap after GC invocations=13 (full 0):
 garbage-first heap   total 175104K, used 52141K [0x0000000080000000, 0x0000000100000000)
  region size 1024K, 3 young (3072K), 3 survivors (3072K)
 Metaspace       used 58992K, capacity 60440K, committed 60580K, reserved 1101824K
  class space    used 7424K, capacity 7975K, committed 8012K, reserved 1048576K
}
Event: 8.002 GC heap before
{Heap before GC invocations=14 (full 0):
 garbage-first heap   total 175104K, used 126893K [0x0000000080000000, 0x0000000100000000)
  region size 1024K, 70 young (71680K), 3 survivors (3072K)
 Metaspace       used 64320K, capacity 65814K, committed 65956K, reserved 1105920K
  class space    used 8103K, capacity 8669K, committed 8780K, reserved 1048576K
}
Event: 8.008 GC heap after
{Heap after GC invocations=15 (full 0):
 garbage-first heap   total 175104K, used 57065K [0x0000000080000000, 0x0000000100000000)
  region size 1024K, 8 young (8192K), 8 survivors (8192K)
 Metaspace       used 64320K, capacity 65814K, committed 65956K, reserved 1105920K
  class space    used 8103K, capacity 8669K, committed 8780K, reserved 1048576K
}
Event: 8.761 GC heap before
{Heap before GC invocations=15 (full 0):
 garbage-first heap   total 175104K, used 125673K [0x0000000080000000, 0x0000000100000000)
  region size 1024K, 74 young (75776K), 8 survivors (8192K)
 Metaspace       used 68196K, capacity 69825K, committed 70052K, reserved 1110016K
  class space    used 8581K, capacity 9206K, committed 9292K, reserved 1048576K
}
Event: 8.769 GC heap after
{Heap after GC invocations=16 (full 0):
 garbage-first heap   total 175104K, used 61797K [0x0000000080000000, 0x0000000100000000)
  region size 1024K, 5 young (5120K), 5 survivors (5120K)
 Metaspace       used 68196K, capacity 69825K, committed 70052K, reserved 1110016K
  class space    used 8581K, capacity 9206K, committed 9292K, reserved 1048576K
}

