# JRE version: OpenJDK Runtime Environment (11.0.13) (build 11.0.13+0-b1751.21-8125866)
# Java VM: OpenJDK 64-Bit Server VM (11.0.13+0-b1751.21-8125866, mixed mode, tiered, compressed oops, g1 gc, windows-amd64)
Heap:
 garbage-first heap   total 145408K, used 81182K [0x0000000080000000, 0x0000000100000000)
  region size 1024K, 55 young (56320K), 4 survivors (4096K)
 Metaspace       used 47937K, capacity 49084K, committed 49276K, reserved 1091584K
  class space    used 6069K, capacity 6534K, committed 6604K, reserved 1048576K
GC Heap History (18 events):
Event: 0.549 GC heap before
{Heap before GC invocations=0 (full 0):
 garbage-first heap   total 120832K, used 27648K [0x0000000080000000, 0x0000000100000000)
  region size 1024K, 22 young (22528K), 0 survivors (0K)
 Metaspace       used 9830K, capacity 10102K, committed 10368K, reserved 1058816K
  class space    used 984K, capacity 1075K, committed 1152K, reserved 1048576K
}
Event: 0.553 GC heap after
{Heap after GC invocations=1 (full 0):
 garbage-first heap   total 120832K, used 9043K [0x0000000080000000, 0x0000000100000000)
  region size 1024K, 3 young (3072K), 3 survivors (3072K)
 Metaspace       used 9830K, capacity 10102K, committed 10368K, reserved 1058816K
  class space    used 984K, capacity 1075K, committed 1152K, reserved 1048576K
}
Event: 0.842 GC heap before
{Heap before GC invocations=1 (full 0):
 garbage-first heap   total 120832K, used 28499K [0x0000000080000000, 0x0000000100000000)
  region size 1024K, 22 young (22528K), 3 survivors (3072K)
 Metaspace       used 11174K, capacity 11446K, committed 11520K, reserved 1058816K
  class space    used 1153K, capacity 1246K, committed 1280K, reserved 1048576K
}
Event: 0.846 GC heap after
{Heap after GC invocations=2 (full 0):
 garbage-first heap   total 120832K, used 9825K [0x0000000080000000, 0x0000000100000000)
  region size 1024K, 1 young (1024K), 1 survivors (1024K)
 Metaspace       used 11174K, capacity 11446K, committed 11520K, reserved 1058816K
  class space    used 1153K, capacity 1246K, committed 1280K, reserved 1048576K
}
Event: 1.855 GC heap before
{Heap before GC invocations=2 (full 0):
 garbage-first heap   total 120832K, used 58977K [0x0000000080000000, 0x0000000100000000)
  region size 1024K, 48 young (49152K), 1 survivors (1024K)
 Metaspace       used 16128K, capacity 16513K, committed 16640K, reserved 1064960K
  class space    used 1818K, capacity 1935K, committed 2048K, reserved 1048576K
}
Event: 1.859 GC heap after
{Heap after GC invocations=3 (full 0):
 garbage-first heap   total 120832K, used 15583K [0x0000000080000000, 0x0000000100000000)
  region size 1024K, 6 young (6144K), 6 survivors (6144K)
 Metaspace       used 16128K, capacity 16513K, committed 16640K, reserved 1064960K
  class space    used 1818K, capacity 1935K, committed 2048K, reserved 1048576K
}
Event: 2.230 GC heap before
{Heap before GC invocations=3 (full 0):
 garbage-first heap   total 120832K, used 54495K [0x0000000080000000, 0x0000000100000000)
  region size 1024K, 45 young (46080K), 6 survivors (6144K)
 Metaspace       used 20755K, capacity 21187K, committed 21296K, reserved 1069056K
  class space    used 2528K, capacity 2686K, committed 2688K, reserved 1048576K
}
Event: 2.236 GC heap after
{Heap after GC invocations=4 (full 0):
 garbage-first heap   total 120832K, used 17116K [0x0000000080000000, 0x0000000100000000)
  region size 1024K, 2 young (2048K), 2 survivors (2048K)
 Metaspace       used 20755K, capacity 21187K, committed 21296K, reserved 1069056K
  class space    used 2528K, capacity 2686K, committed 2688K, reserved 1048576K
}
Event: 2.756 GC heap before
{Heap before GC invocations=5 (full 0):
 garbage-first heap   total 120832K, used 68316K [0x0000000080000000, 0x0000000100000000)
  region size 1024K, 52 young (53248K), 2 survivors (2048K)
 Metaspace       used 26174K, capacity 26822K, committed 26876K, reserved 1073152K
  class space    used 3405K, capacity 3639K, committed 3660K, reserved 1048576K
}
Event: 2.762 GC heap after
{Heap after GC invocations=6 (full 0):
 garbage-first heap   total 120832K, used 18840K [0x0000000080000000, 0x0000000100000000)
  region size 1024K, 4 young (4096K), 4 survivors (4096K)
 Metaspace       used 26174K, capacity 26822K, committed 26876K, reserved 1073152K
  class space    used 3405K, capacity 3639K, committed 3660K, reserved 1048576K
}
Event: 3.268 GC heap before
{Heap before GC invocations=6 (full 0):
 garbage-first heap   total 120832K, used 73112K [0x0000000080000000, 0x0000000100000000)
  region size 1024K, 57 young (58368K), 4 survivors (4096K)
 Metaspace       used 31532K, capacity 32250K, committed 32380K, reserved 1077248K
  class space    used 4183K, capacity 4449K, committed 4556K, reserved 1048576K
}
Event: 3.277 GC heap after
{Heap after GC invocations=7 (full 0):
 garbage-first heap   total 145408K, used 20424K [0x0000000080000000, 0x0000000100000000)
  region size 1024K, 5 young (5120K), 5 survivors (5120K)
 Metaspace       used 31532K, capacity 32250K, committed 32380K, reserved 1077248K
  class space    used 4183K, capacity 4449K, committed 4556K, reserved 1048576K
}
Event: 3.513 GC heap before
{Heap before GC invocations=7 (full 0):
 garbage-first heap   total 145408K, used 30664K [0x0000000080000000, 0x0000000100000000)
  region size 1024K, 16 young (16384K), 5 survivors (5120K)
 Metaspace       used 35180K, capacity 35929K, committed 35964K, reserved 1081344K
  class space    used 4518K, capacity 4806K, committed 4812K, reserved 1048576K
}
Event: 3.520 GC heap after
{Heap after GC invocations=8 (full 0):
 garbage-first heap   total 145408K, used 22765K [0x0000000080000000, 0x0000000100000000)
  region size 1024K, 6 young (6144K), 6 survivors (6144K)
 Metaspace       used 35180K, capacity 35929K, committed 35964K, reserved 1081344K
  class space    used 4518K, capacity 4806K, committed 4812K, reserved 1048576K
}
Event: 4.139 GC heap before
{Heap before GC invocations=9 (full 0):
 garbage-first heap   total 145408K, used 78061K [0x0000000080000000, 0x0000000100000000)
  region size 1024K, 57 young (58368K), 6 survivors (6144K)
 Metaspace       used 39313K, capacity 40129K, committed 40316K, reserved 1085440K
  class space    used 4954K, capacity 5262K, committed 5324K, reserved 1048576K
}
Event: 4.147 GC heap after
{Heap after GC invocations=10 (full 0):
 garbage-first heap   total 145408K, used 26840K [0x0000000080000000, 0x0000000100000000)
  region size 1024K, 8 young (8192K), 8 survivors (8192K)
 Metaspace       used 39313K, capacity 40129K, committed 40316K, reserved 1085440K
  class space    used 4954K, capacity 5262K, committed 5324K, reserved 1048576K
}
Event: 4.730 GC heap before
{Heap before GC invocations=10 (full 0):
 garbage-first heap   total 145408K, used 82136K [0x0000000080000000, 0x0000000100000000)
  region size 1024K, 61 young (62464K), 8 survivors (8192K)
 Metaspace       used 44247K, capacity 45305K, committed 45564K, reserved 1089536K
  class space    used 5564K, capacity 5932K, committed 5964K, reserved 1048576K
}
Event: 4.741 GC heap after
{Heap after GC invocations=11 (full 0):
 garbage-first heap   total 145408K, used 29982K [0x0000000080000000, 0x0000000100000000)
  region size 1024K, 4 young (4096K), 4 survivors (4096K)
 Metaspace       used 44247K, capacity 45305K, committed 45564K, reserved 1089536K
  class space    used 5564K, capacity 5932K, committed 5964K, reserved 1048576K
}

